2022/05/11 21:28:31 INFO  - jmeter.util.JMeterUtils: Setting Locale to en_US 
2022/05/11 21:28:31 INFO  - jmeter.JMeter: Loading user properties from: /usr/share/jmeter/bin/user.properties 
2022/05/11 21:28:31 INFO  - jmeter.JMeter: Loading system properties from: /usr/share/jmeter/bin/system.properties 
2022/05/11 21:28:31 INFO  - jmeter.JMeter: Copyright (c) 1998-2015 The Apache Software Foundation 
2022/05/11 21:28:31 INFO  - jmeter.JMeter: Version 2.13.20180731 
2022/05/11 21:28:31 INFO  - jmeter.JMeter: java.version=11.0.15 
2022/05/11 21:28:31 INFO  - jmeter.JMeter: java.vm.name=OpenJDK 64-Bit Server VM 
2022/05/11 21:28:31 INFO  - jmeter.JMeter: os.name=Linux 
2022/05/11 21:28:31 INFO  - jmeter.JMeter: os.arch=amd64 
2022/05/11 21:28:31 INFO  - jmeter.JMeter: os.version=5.13.0-40-generic 
2022/05/11 21:28:31 INFO  - jmeter.JMeter: file.encoding=UTF-8 
2022/05/11 21:28:31 INFO  - jmeter.JMeter: Default Locale=English (United States) 
2022/05/11 21:28:31 INFO  - jmeter.JMeter: JMeter  Locale=English (United States) 
2022/05/11 21:28:31 INFO  - jmeter.JMeter: JMeterHome=/usr/share/jmeter 
2022/05/11 21:28:31 INFO  - jmeter.JMeter: user.dir  =/home/davide/git/innovation/cnels-dimensioning-tool/kubernetes/jmeter 
2022/05/11 21:28:31 INFO  - jmeter.JMeter: PWD       =/home/davide/git/innovation/cnels-dimensioning-tool/kubernetes/jmeter 
2022/05/11 21:28:31 INFO  - jmeter.JMeter: IP: 127.0.1.1 Name: davide-vm FullName: davide-vm 
2022/05/11 21:28:32 INFO  - jmeter.gui.action.LookAndFeelCommand: Using look and feel: javax.swing.plaf.metal.MetalLookAndFeel [Metal, CrossPlatform] 
2022/05/11 21:28:32 INFO  - jmeter.JMeter: Loaded icon properties from org/apache/jmeter/images/icon.properties 
2022/05/11 21:28:32 INFO  - jmeter.engine.util.CompoundVariable: Note: Function class names must contain the string: '.functions.' 
2022/05/11 21:28:32 INFO  - jmeter.engine.util.CompoundVariable: Note: Function class names must not contain the string: '.gui.' 
2022/05/11 21:28:33 INFO  - jmeter.JMeter: Loading file: testplan.jmx 
2022/05/11 21:28:33 INFO  - jmeter.services.FileServer: Default base='/home/davide/git/innovation/cnels-dimensioning-tool/kubernetes/jmeter' 
2022/05/11 21:28:33 INFO  - jmeter.services.FileServer: Set new base='/home/davide/git/innovation/cnels-dimensioning-tool/kubernetes/jmeter' 
2022/05/11 21:28:34 WARN  - jmeter.gui.util.MenuFactory: Missing jar? Could not create com.github.johrstrom.config.gui.PrometheusMetricsConfigGui. java.lang.NoClassDefFoundError: org/slf4j/LoggerFactory 
2022/05/11 21:28:34 WARN  - jmeter.gui.util.MenuFactory: Missing jar? Could not create com.github.johrstrom.listener.gui.PrometheusListenerGui. java.lang.NoClassDefFoundError: org/slf4j/LoggerFactory 
2022/05/11 21:28:34 INFO  - jmeter.util.BSFTestElement: Registering JMeter version of JavaScript engine as work-round for BSF-22 
2022/05/11 21:28:34 INFO  - jmeter.save.SaveService: Testplan (JMX) version: 2.2. Testlog (JTL) version: 2.2 
2022/05/11 21:28:34 INFO  - jmeter.save.SaveService: Using SaveService properties version 2.8 
2022/05/11 21:28:34 INFO  - jmeter.save.SaveService: Using SaveService properties file version 1656252 
2022/05/11 21:28:34 INFO  - jmeter.save.SaveService: Using SaveService properties file encoding UTF-8 
2022/05/11 21:28:34 INFO  - jmeter.save.SaveService: All converter versions present and correct 
2022/05/11 21:28:34 INFO  - jmeter.save.SaveService: Loading file: testplan.jmx 
2022/05/11 21:28:34 INFO  - jmeter.protocol.http.sampler.HTTPSamplerBase: Cannot find .className property for htmlParser, using default 
2022/05/11 21:28:34 INFO  - jmeter.protocol.http.sampler.HTTPSamplerBase: Parser for text/html is  
2022/05/11 21:28:34 INFO  - jmeter.protocol.http.sampler.HTTPSamplerBase: Parser for application/xhtml+xml is  
2022/05/11 21:28:34 INFO  - jmeter.protocol.http.sampler.HTTPSamplerBase: Parser for application/xml is  
2022/05/11 21:28:34 INFO  - jmeter.protocol.http.sampler.HTTPSamplerBase: Parser for text/xml is  
2022/05/11 21:28:34 INFO  - jmeter.protocol.http.sampler.HTTPSamplerBase: Parser for text/vnd.wap.wml is org.apache.jmeter.protocol.http.parser.RegexpHTMLParser 
2022/05/11 21:28:34 INFO  - jmeter.services.FileServer: Set new base='/home/davide/git/innovation/cnels-dimensioning-tool/kubernetes/jmeter' 
2022/05/11 21:28:35 INFO  - jmeter.gui.util.MenuFactory: Skipping org.apache.jmeter.protocol.http.modifier.gui.ParamModifierGui 
2022/05/11 21:28:35 INFO  - jorphan.exec.KeyToolUtils: keytool found at 'keytool' 
2022/05/11 21:28:35 INFO  - jmeter.protocol.http.proxy.ProxyControl: HTTP(S) Test Script Recorder SSL Proxy will use keys that support embedded 3rd party resources in file /usr/share/jmeter/bin/proxyserver.jks 
2022/05/11 21:28:36 INFO  - jmeter.samplers.SampleResult: Note: Sample TimeStamps are START times 
2022/05/11 21:28:36 INFO  - jmeter.samplers.SampleResult: sampleresult.default.encoding is set to ISO-8859-1 
2022/05/11 21:28:36 INFO  - jmeter.samplers.SampleResult: sampleresult.useNanoTime=true 
2022/05/11 21:28:36 INFO  - jmeter.samplers.SampleResult: sampleresult.nanoThreadSleep=5000 
