2022-05-12 14:30:21,734 INFO o.a.j.u.JMeterUtils: Setting Locale to en_EN
2022-05-12 14:30:21,795 INFO o.a.j.JMeter: Loading user properties from: /home/davide/apache-jmeter-5.4.3/bin/user.properties
2022-05-12 14:30:21,796 INFO o.a.j.JMeter: Loading system properties from: /home/davide/apache-jmeter-5.4.3/bin/system.properties
2022-05-12 14:30:21,796 INFO o.a.j.JMeter: Setting System property: server_port=1099
2022-05-12 14:30:21,812 INFO o.a.j.JMeter: Copyright (c) 1998-2021 The Apache Software Foundation
2022-05-12 14:30:21,813 INFO o.a.j.JMeter: Version 5.4.3
2022-05-12 14:30:21,813 INFO o.a.j.JMeter: java.version=11.0.15
2022-05-12 14:30:21,814 INFO o.a.j.JMeter: java.vm.name=OpenJDK 64-Bit Server VM
2022-05-12 14:30:21,815 INFO o.a.j.JMeter: os.name=Linux
2022-05-12 14:30:21,815 INFO o.a.j.JMeter: os.arch=amd64
2022-05-12 14:30:21,815 INFO o.a.j.JMeter: os.version=5.13.0-40-generic
2022-05-12 14:30:21,816 INFO o.a.j.JMeter: file.encoding=UTF-8
2022-05-12 14:30:21,816 INFO o.a.j.JMeter: java.awt.headless=true
2022-05-12 14:30:21,816 INFO o.a.j.JMeter: Max memory     =1073741824
2022-05-12 14:30:21,817 INFO o.a.j.JMeter: Available Processors =4
2022-05-12 14:30:21,837 INFO o.a.j.JMeter: Default Locale=English (EN)
2022-05-12 14:30:21,837 INFO o.a.j.JMeter: JMeter  Locale=English (EN)
2022-05-12 14:30:21,838 INFO o.a.j.JMeter: JMeterHome=/home/davide/apache-jmeter-5.4.3
2022-05-12 14:30:21,838 INFO o.a.j.JMeter: user.dir  =/home/davide/git/innovation/cnels-dimensioning-tool/kubernetes/jmeter
2022-05-12 14:30:21,838 INFO o.a.j.JMeter: PWD       =/home/davide/git/innovation/cnels-dimensioning-tool/kubernetes/jmeter
2022-05-12 14:30:21,839 INFO o.a.j.JMeter: IP: 127.0.1.1 Name: davide-vm FullName: davide-vm
